<?xml version="1.0" encoding="UTF-8"?>
<!-- Generated by org.testng.reporters.JUnitReportReporter -->
<testsuite hostname="User-PC" name="example.NewTest" tests="1" failures="0" timestamp="2 Jul 2016 23:16:22 GMT" time="8.767" errors="0">
  <testcase name="testEasy" time="8.767" classname="example.NewTest"/>
</testsuite> <!-- example.NewTest -->
