<?xml version="1.0" encoding="UTF-8"?>
<!-- Generated by org.testng.reporters.JUnitReportReporter -->
<testsuite hostname="User-PC" name="example.NewTest" tests="1" failures="0" timestamp="3 Jul 2016 17:34:00 GMT" time="7.402" errors="0">
  <testcase name="testEasy" time="7.402" classname="example.NewTest"/>
</testsuite> <!-- example.NewTest -->
